
> site-camara-api@0.0.1 migratePhase02 /var/nodeapps/site-camara-api
> node -r dotenv/config ./migration/migratePhase02

[33mdebug[39m: Connecting to mongodb, _dbURI = [mongodb://127.0.0.1/site-camara]
Cleaning s3 folder /news...
(node:2149) DeprecationWarning: current URL string parser is deprecated, and will be removed in a future version. To use the new parser, pass option { useNewUrlParser: true } to MongoClient.connect.
[32mverbose[39m: Mongoose connected to mongodb://127.0.0.1/site-camara
(node:2149) DeprecationWarning: collection.ensureIndex is deprecated. Use createIndexes instead.
S3 folder cleaned.
Creating migration user ...
2019-12-02T22:39:53.921Z mquery findOne users { username: 'migracao' } { projection: {} }
User migration already exists.
[34minfo[39m: ************migrateNews
0%
1%
2%
3%
4%
5%
6%
7%
8%
9%
10%
11%
12%
13%
14%
15%
16%
17%
18%
19%
20%
21%
22%
23%
24%
25%
26%
27%
28%
29%
30%
31%
32%
33%
34%
35%
36%
37%
38%
39%
40%
41%
42%
43%
44%
45%
46%
47%
48%
49%
50%
51%
52%
53%
54%
55%
56%
57%
58%
59%
60%
61%
62%
63%
64%
65%
66%
67%
68%
69%
70%
71%
72%
73%
74%
75%
76%
77%
78%
79%
80%
81%
82%
83%
84%
85%
86%
87%
88%
89%
90%
91%
92%
93%
94%
95%
96%
97%
98%
99%
100%
[32mverbose[39m: Mongoose disconnected through script termination

> site-camara-api@0.0.1 migratePhase02 /var/nodeapps/site-camara-api
> node -r dotenv/config ./migration/migratePhase02

[33mdebug[39m: Connecting to mongodb, _dbURI = [mongodb://127.0.0.1/site-camara]
Cleaning s3 folder /news...
(node:2664) DeprecationWarning: current URL string parser is deprecated, and will be removed in a future version. To use the new parser, pass option { useNewUrlParser: true } to MongoClient.connect.
[32mverbose[39m: Mongoose connected to mongodb://127.0.0.1/site-camara
(node:2664) DeprecationWarning: collection.ensureIndex is deprecated. Use createIndexes instead.
S3 folder cleaned.
Creating migration user ...
2019-12-03T04:43:30.772Z mquery findOne users { username: 'migracao' } { projection: {} }
User migration already exists.
[34minfo[39m: ************migrateNews
0%
1%
2%
3%
4%
5%
6%
7%
8%
9%
10%
11%
12%
13%
14%
15%
16%
17%
18%
19%
20%
21%
22%
23%
24%
25%
26%
27%
28%
29%
30%
31%
32%
33%
34%
35%
36%
37%
38%
39%
40%
41%
42%
43%
44%
45%
46%
47%
48%
49%
50%
51%
52%
53%
54%
55%
56%
57%
58%
59%
60%
61%
62%
63%
64%
65%
66%
67%
68%
69%
70%
71%
72%
73%
74%
75%
76%
77%
78%
79%
80%
81%
82%
83%
84%
85%
86%
87%
88%
89%
90%
91%
92%
93%
94%
95%
96%
97%
98%
99%
100%
[32mverbose[39m: Mongoose disconnected through script termination
